# JRE version: OpenJDK Runtime Environment Temurin-17.0.6+10 (17.0.6+10) (build 17.0.6+10)
# Java VM: OpenJDK 64-Bit Server VM Temurin-17.0.6+10 (17.0.6+10, mixed mode, tiered, compressed oops, compressed class ptrs, g1 gc, linux-amd64)
GC Precious Log:
 CPUs: 12 total, 12 available
 Memory: 23999M
 Large Page Support: Disabled
 NUMA Support: Disabled
 Compressed Oops: Enabled (32-bit)
 Heap Region Size: 1M
 Heap Min Capacity: 64M
 Heap Initial Capacity: 64M
 Heap Max Capacity: 1G
 Pre-touch: Disabled
 Parallel Workers: 10
 Concurrent Workers: 3
 Concurrent Refinement Workers: 10
 Periodic GC: Disabled
Heap:
 garbage-first heap   total 124928K, used 99931K [0x00000000c0000000, 0x0000000100000000)
  region size 1024K, 47 young (48128K), 1 survivors (1024K)
 Metaspace       used 89968K, committed 91904K, reserved 1130496K
  class space    used 10855K, committed 11776K, reserved 1048576K
GC Heap History (20 events):
Event: 24201.491 GC heap before
{Heap before GC invocations=85 (full 0):
 garbage-first heap   total 124928K, used 110010K [0x00000000c0000000, 0x0000000100000000)
  region size 1024K, 56 young (57344K), 1 survivors (1024K)
 Metaspace       used 89915K, committed 91840K, reserved 1130496K
  class space    used 10855K, committed 11776K, reserved 1048576K
}
Event: 24201.494 GC heap after
{Heap after GC invocations=86 (full 0):
 garbage-first heap   total 124928K, used 53716K [0x00000000c0000000, 0x0000000100000000)
  region size 1024K, 1 young (1024K), 1 survivors (1024K)
 Metaspace       used 89915K, committed 91840K, reserved 1130496K
  class space    used 10855K, committed 11776K, reserved 1048576K
}
Event: 24467.520 GC heap before
{Heap before GC invocations=86 (full 0):
 garbage-first heap   total 124928K, used 110036K [0x00000000c0000000, 0x0000000100000000)
  region size 1024K, 56 young (57344K), 1 survivors (1024K)
 Metaspace       used 89933K, committed 91840K, reserved 1130496K
  class space    used 10855K, committed 11776K, reserved 1048576K
}
Event: 24467.523 GC heap after
{Heap after GC invocations=87 (full 0):
 garbage-first heap   total 124928K, used 54110K [0x00000000c0000000, 0x0000000100000000)
  region size 1024K, 2 young (2048K), 2 survivors (2048K)
 Metaspace       used 89933K, committed 91840K, reserved 1130496K
  class space    used 10855K, committed 11776K, reserved 1048576K
}
Event: 25058.438 GC heap before
{Heap before GC invocations=87 (full 0):
 garbage-first heap   total 124928K, used 108382K [0x00000000c0000000, 0x0000000100000000)
  region size 1024K, 55 young (56320K), 2 survivors (2048K)
 Metaspace       used 89934K, committed 91840K, reserved 1130496K
  class space    used 10855K, committed 11776K, reserved 1048576K
}
Event: 25058.441 GC heap after
{Heap after GC invocations=88 (full 0):
 garbage-first heap   total 124928K, used 53846K [0x00000000c0000000, 0x0000000100000000)
  region size 1024K, 2 young (2048K), 2 survivors (2048K)
 Metaspace       used 89934K, committed 91840K, reserved 1130496K
  class space    used 10855K, committed 11776K, reserved 1048576K
}
Event: 25655.393 GC heap before
{Heap before GC invocations=88 (full 0):
 garbage-first heap   total 124928K, used 108118K [0x00000000c0000000, 0x0000000100000000)
  region size 1024K, 55 young (56320K), 2 survivors (2048K)
 Metaspace       used 89945K, committed 91840K, reserved 1130496K
  class space    used 10855K, committed 11776K, reserved 1048576K
}
Event: 25655.396 GC heap after
{Heap after GC invocations=89 (full 0):
 garbage-first heap   total 124928K, used 54121K [0x00000000c0000000, 0x0000000100000000)
  region size 1024K, 2 young (2048K), 2 survivors (2048K)
 Metaspace       used 89945K, committed 91840K, reserved 1130496K
  class space    used 10855K, committed 11776K, reserved 1048576K
}
Event: 26342.080 GC heap before
{Heap before GC invocations=89 (full 0):
 garbage-first heap   total 124928K, used 108393K [0x00000000c0000000, 0x0000000100000000)
  region size 1024K, 55 young (56320K), 2 survivors (2048K)
 Metaspace       used 89945K, committed 91840K, reserved 1130496K
  class space    used 10855K, committed 11776K, reserved 1048576K
}
Event: 26342.082 GC heap after
{Heap after GC invocations=90 (full 0):
 garbage-first heap   total 124928K, used 53859K [0x00000000c0000000, 0x0000000100000000)
  region size 1024K, 2 young (2048K), 2 survivors (2048K)
 Metaspace       used 89945K, committed 91840K, reserved 1130496K
  class space    used 10855K, committed 11776K, reserved 1048576K
}
Event: 27029.871 GC heap before
{Heap before GC invocations=90 (full 0):
 garbage-first heap   total 124928K, used 108131K [0x00000000c0000000, 0x0000000100000000)
  region size 1024K, 55 young (56320K), 2 survivors (2048K)
 Metaspace       used 89945K, committed 91840K, reserved 1130496K
  class space    used 10855K, committed 11776K, reserved 1048576K
}
Event: 27029.873 GC heap after
{Heap after GC invocations=91 (full 0):
 garbage-first heap   total 124928K, used 53862K [0x00000000c0000000, 0x0000000100000000)
  region size 1024K, 2 young (2048K), 2 survivors (2048K)
 Metaspace       used 89945K, committed 91840K, reserved 1130496K
  class space    used 10855K, committed 11776K, reserved 1048576K
}
Event: 27720.709 GC heap before
{Heap before GC invocations=91 (full 0):
 garbage-first heap   total 124928K, used 108134K [0x00000000c0000000, 0x0000000100000000)
  region size 1024K, 55 young (56320K), 2 survivors (2048K)
 Metaspace       used 89945K, committed 91840K, reserved 1130496K
  class space    used 10855K, committed 11776K, reserved 1048576K
}
Event: 27720.711 GC heap after
{Heap after GC invocations=92 (full 0):
 garbage-first heap   total 124928K, used 53836K [0x00000000c0000000, 0x0000000100000000)
  region size 1024K, 1 young (1024K), 1 survivors (1024K)
 Metaspace       used 89945K, committed 91840K, reserved 1130496K
  class space    used 10855K, committed 11776K, reserved 1048576K
}
Event: 28421.610 GC heap before
{Heap before GC invocations=92 (full 0):
 garbage-first heap   total 124928K, used 109132K [0x00000000c0000000, 0x0000000100000000)
  region size 1024K, 55 young (56320K), 1 survivors (1024K)
 Metaspace       used 89945K, committed 91840K, reserved 1130496K
  class space    used 10855K, committed 11776K, reserved 1048576K
}
Event: 28421.613 GC heap after
{Heap after GC invocations=93 (full 0):
 garbage-first heap   total 124928K, used 53847K [0x00000000c0000000, 0x0000000100000000)
  region size 1024K, 1 young (1024K), 1 survivors (1024K)
 Metaspace       used 89945K, committed 91840K, reserved 1130496K
  class space    used 10855K, committed 11776K, reserved 1048576K
}
Event: 29121.901 GC heap before
{Heap before GC invocations=93 (full 0):
 garbage-first heap   total 124928K, used 109143K [0x00000000c0000000, 0x0000000100000000)
  region size 1024K, 55 young (56320K), 1 survivors (1024K)
 Metaspace       used 89945K, committed 91840K, reserved 1130496K
  class space    used 10855K, committed 11776K, reserved 1048576K
}
Event: 29121.903 GC heap after
{Heap after GC invocations=94 (full 0):
 garbage-first heap   total 124928K, used 53847K [0x00000000c0000000, 0x0000000100000000)
  region size 1024K, 1 young (1024K), 1 survivors (1024K)
 Metaspace       used 89945K, committed 91840K, reserved 1130496K
  class space    used 10855K, committed 11776K, reserved 1048576K
}
Event: 29820.660 GC heap before
{Heap before GC invocations=94 (full 0):
 garbage-first heap   total 124928K, used 109143K [0x00000000c0000000, 0x0000000100000000)
  region size 1024K, 55 young (56320K), 1 survivors (1024K)
 Metaspace       used 89945K, committed 91840K, reserved 1130496K
  class space    used 10855K, committed 11776K, reserved 1048576K
}
Event: 29820.662 GC heap after
{Heap after GC invocations=95 (full 0):
 garbage-first heap   total 124928K, used 53851K [0x00000000c0000000, 0x0000000100000000)
  region size 1024K, 1 young (1024K), 1 survivors (1024K)
 Metaspace       used 89945K, committed 91840K, reserved 1130496K
  class space    used 10855K, committed 11776K, reserved 1048576K
}

